# JRE version: Java(TM) SE Runtime Environment (8.0_202-b08) (build 1.8.0_202-b08)
# Java VM: Java HotSpot(TM) 64-Bit Server VM (25.202-b08 mixed mode linux-amd64 compressed oops)
Heap:
 PSYoungGen      total 601088K, used 1136K [0x0000000786980000, 0x00000007adc80000, 0x00000007c0000000)
  eden space 573952K, 0% used [0x0000000786980000,0x0000000786980000,0x00000007a9a00000)
  from space 27136K, 4% used [0x00000007a9a00000,0x00000007a9b1c030,0x00000007ab480000)
  to   space 21504K, 0% used [0x00000007ab480000,0x00000007ab480000,0x00000007ac980000)
 ParOldGen       total 162816K, used 43497K [0x0000000713c00000, 0x000000071db00000, 0x0000000786980000)
  object space 162816K, 26% used [0x0000000713c00000,0x000000071667a610,0x000000071db00000)
 Metaspace       used 56782K, capacity 59538K, committed 59608K, reserved 1101824K
  class space    used 7645K, capacity 8158K, committed 8192K, reserved 1048576K
GC Heap History (10 events):
Event: 10.006 GC heap after
Heap after GC invocations=9 (full 2):
 PSYoungGen      total 297984K, used 0K [0x0000000786980000, 0x00000007a5680000, 0x00000007c0000000)
  eden space 280576K, 0% used [0x0000000786980000,0x0000000786980000,0x0000000797b80000)
  from space 17408K, 0% used [0x0000000797b80000,0x0000000797b80000,0x0000000798c80000)
  to   space 18432K, 0% used [0x00000007a4480000,0x00000007a4480000,0x00000007a5680000)
 ParOldGen       total 111616K, used 19480K [0x0000000713c00000, 0x000000071a900000, 0x0000000786980000)
  object space 111616K, 17% used [0x0000000713c00000,0x0000000714f06170,0x000000071a900000)
 Metaspace       used 34138K, capacity 35324K, committed 35456K, reserved 1079296K
  class space    used 4626K, capacity 4918K, committed 4992K, reserved 1048576K
}
Event: 13.979 GC heap before
{Heap before GC invocations=10 (full 2):
 PSYoungGen      total 297984K, used 280576K [0x0000000786980000, 0x00000007a5680000, 0x00000007c0000000)
  eden space 280576K, 100% used [0x0000000786980000,0x0000000797b80000,0x0000000797b80000)
  from space 17408K, 0% used [0x0000000797b80000,0x0000000797b80000,0x0000000798c80000)
  to   space 18432K, 0% used [0x00000007a4480000,0x00000007a4480000,0x00000007a5680000)
 ParOldGen       total 111616K, used 19480K [0x0000000713c00000, 0x000000071a900000, 0x0000000786980000)
  object space 111616K, 17% used [0x0000000713c00000,0x0000000714f06170,0x000000071a900000)
 Metaspace       used 38789K, capacity 40514K, committed 40832K, reserved 1085440K
  class space    used 5284K, capacity 5639K, committed 5760K, reserved 1048576K
Event: 14.031 GC heap after
Heap after GC invocations=10 (full 2):
 PSYoungGen      total 451584K, used 10235K [0x0000000786980000, 0x00000007a4e80000, 0x00000007c0000000)
  eden space 441344K, 0% used [0x0000000786980000,0x0000000786980000,0x00000007a1880000)
  from space 10240K, 99% used [0x00000007a4480000,0x00000007a4e7ecf8,0x00000007a4e80000)
  to   space 17408K, 0% used [0x00000007a2c80000,0x00000007a2c80000,0x00000007a3d80000)
 ParOldGen       total 111616K, used 19488K [0x0000000713c00000, 0x000000071a900000, 0x0000000786980000)
  object space 111616K, 17% used [0x0000000713c00000,0x0000000714f08170,0x000000071a900000)
 Metaspace       used 38789K, capacity 40514K, committed 40832K, reserved 1085440K
  class space    used 5284K, capacity 5639K, committed 5760K, reserved 1048576K
}
Event: 19.347 GC heap before
{Heap before GC invocations=11 (full 2):
 PSYoungGen      total 451584K, used 451579K [0x0000000786980000, 0x00000007a4e80000, 0x00000007c0000000)
  eden space 441344K, 100% used [0x0000000786980000,0x00000007a1880000,0x00000007a1880000)
  from space 10240K, 99% used [0x00000007a4480000,0x00000007a4e7ecf8,0x00000007a4e80000)
  to   space 17408K, 0% used [0x00000007a2c80000,0x00000007a2c80000,0x00000007a3d80000)
 ParOldGen       total 111616K, used 19488K [0x0000000713c00000, 0x000000071a900000, 0x0000000786980000)
  object space 111616K, 17% used [0x0000000713c00000,0x0000000714f08170,0x000000071a900000)
 Metaspace       used 45092K, capacity 47350K, committed 47616K, reserved 1089536K
  class space    used 6189K, capacity 6606K, committed 6656K, reserved 1048576K
Event: 19.399 GC heap after
Heap after GC invocations=11 (full 2):
 PSYoungGen      total 479232K, used 17383K [0x0000000786980000, 0x00000007ac980000, 0x00000007c0000000)
  eden space 461824K, 0% used [0x0000000786980000,0x0000000786980000,0x00000007a2c80000)
  from space 17408K, 99% used [0x00000007a2c80000,0x00000007a3d79de0,0x00000007a3d80000)
  to   space 21504K, 0% used [0x00000007ab480000,0x00000007ab480000,0x00000007ac980000)
 ParOldGen       total 111616K, used 23829K [0x0000000713c00000, 0x000000071a900000, 0x0000000786980000)
  object space 111616K, 21% used [0x0000000713c00000,0x0000000715345648,0x000000071a900000)
 Metaspace       used 45092K, capacity 47350K, committed 47616K, reserved 1089536K
  class space    used 6189K, capacity 6606K, committed 6656K, reserved 1048576K
}
Event: 73.901 GC heap before
{Heap before GC invocations=12 (full 2):
 PSYoungGen      total 479232K, used 333877K [0x0000000786980000, 0x00000007ac980000, 0x00000007c0000000)
  eden space 461824K, 68% used [0x0000000786980000,0x0000000799e93740,0x00000007a2c80000)
  from space 17408K, 99% used [0x00000007a2c80000,0x00000007a3d79de0,0x00000007a3d80000)
  to   space 21504K, 0% used [0x00000007ab480000,0x00000007ab480000,0x00000007ac980000)
 ParOldGen       total 111616K, used 23829K [0x0000000713c00000, 0x000000071a900000, 0x0000000786980000)
  object space 111616K, 21% used [0x0000000713c00000,0x0000000715345648,0x000000071a900000)
 Metaspace       used 56251K, capacity 59046K, committed 59096K, reserved 1099776K
  class space    used 7641K, capacity 8164K, committed 8192K, reserved 1048576K
Event: 73.975 GC heap after
Heap after GC invocations=12 (full 2):
 PSYoungGen      total 595456K, used 21474K [0x0000000786980000, 0x00000007adc80000, 0x00000007c0000000)
  eden space 573952K, 0% used [0x0000000786980000,0x0000000786980000,0x00000007a9a00000)
  from space 21504K, 99% used [0x00000007ab480000,0x00000007ac978800,0x00000007ac980000)
  to   space 27136K, 0% used [0x00000007a9a00000,0x00000007a9a00000,0x00000007ab480000)
 ParOldGen       total 111616K, used 31564K [0x0000000713c00000, 0x000000071a900000, 0x0000000786980000)
  object space 111616K, 28% used [0x0000000713c00000,0x0000000715ad31a8,0x000000071a900000)
 Metaspace       used 56251K, capacity 59046K, committed 59096K, reserved 1099776K
  class space    used 7641K, capacity 8164K, committed 8192K, reserved 1048576K
}
Event: 73.975 GC heap before
{Heap before GC invocations=13 (full 3):
 PSYoungGen      total 595456K, used 21474K [0x0000000786980000, 0x00000007adc80000, 0x00000007c0000000)
  eden space 573952K, 0% used [0x0000000786980000,0x0000000786980000,0x00000007a9a00000)
  from space 21504K, 99% used [0x00000007ab480000,0x00000007ac978800,0x00000007ac980000)
  to   space 27136K, 0% used [0x00000007a9a00000,0x00000007a9a00000,0x00000007ab480000)
 ParOldGen       total 111616K, used 31564K [0x0000000713c00000, 0x000000071a900000, 0x0000000786980000)
  object space 111616K, 28% used [0x0000000713c00000,0x0000000715ad31a8,0x000000071a900000)
 Metaspace       used 56251K, capacity 59046K, committed 59096K, reserved 1099776K
  class space    used 7641K, capacity 8164K, committed 8192K, reserved 1048576K
Event: 74.220 GC heap after
Heap after GC invocations=13 (full 3):
 PSYoungGen      total 595456K, used 0K [0x0000000786980000, 0x00000007adc80000, 0x00000007c0000000)
  eden space 573952K, 0% used [0x0000000786980000,0x0000000786980000,0x00000007a9a00000)
  from space 21504K, 0% used [0x00000007ab480000,0x00000007ab480000,0x00000007ac980000)
  to   space 27136K, 0% used [0x00000007a9a00000,0x00000007a9a00000,0x00000007ab480000)
 ParOldGen       total 162816K, used 43489K [0x0000000713c00000, 0x000000071db00000, 0x0000000786980000)
  object space 162816K, 26% used [0x0000000713c00000,0x0000000716678610,0x000000071db00000)
 Metaspace       used 56240K, capacity 59018K, committed 59096K, reserved 1099776K
  class space    used 7638K, capacity 8158K, committed 8192K, reserved 1048576K
}
Event: 83.531 GC heap before
{Heap before GC invocations=14 (full 3):
 PSYoungGen      total 595456K, used 573952K [0x0000000786980000, 0x00000007adc80000, 0x00000007c0000000)
  eden space 573952K, 100% used [0x0000000786980000,0x00000007a9a00000,0x00000007a9a00000)
  from space 21504K, 0% used [0x00000007ab480000,0x00000007ab480000,0x00000007ac980000)
  to   space 27136K, 0% used [0x00000007a9a00000,0x00000007a9a00000,0x00000007ab480000)
 ParOldGen       total 162816K, used 43489K [0x0000000713c00000, 0x000000071db00000, 0x0000000786980000)
  object space 162816K, 26% used [0x0000000713c00000,0x0000000716678610,0x000000071db00000)
 Metaspace       used 56782K, capacity 59538K, committed 59608K, reserved 1101824K
  class space    used 7645K, capacity 8158K, committed 8192K, reserved 1048576K

